<?xml version="1.0" encoding="UTF-8"?>
<!-- Generated by org.testng.reporters.JUnitXMLReporter -->
<testsuite ignored="0" hostname="apples-MacBook-Pro.local" failures="0" tests="4" name="Default test" time="20.821" errors="0" timestamp="2024-03-14T15:50:34 IST">
  <testcase classname="WebAutomation.Test.ErrorValidation" name="ProductErrorValidation" time="2.951"/>
  <testcase classname="WebAutomation.Test.ErrorValidation" name="confirmOrderDetail" time="1.365"/>
  <testcase classname="WebAutomation.Test.ErrorValidation" name="loginScreenErrorValidation" time="0.508"/>
  <testcase classname="WebAutomation.Test.ErrorValidation" name="orderDetailsListConfirms" time="1.365"/>
</testsuite> <!-- Default test -->
