<?xml version="1.0" encoding="UTF-8"?>
<!-- Generated by org.testng.reporters.JUnitXMLReporter -->
<testsuite ignored="0" hostname="apples-MacBook-Pro.local" failures="1" tests="4" name="Error validation" time="36.336" errors="0" timestamp="2024-02-26T14:45:45 IST">
  <testcase classname="WebAutomation.Test.ErrorValidation" name="ProductErrorValidation" time="3.72"/>
  <testcase classname="WebAutomation.Test.ErrorValidation" name="loginScreenErrorValidation" time="0.974">
    <skipped/>
  </testcase> <!-- loginScreenErrorValidation -->
  <testcase classname="WebAutomation.Test.ErrorValidation" name="loginScreenErrorValidation" time="0.982">
    <failure type="java.lang.AssertionError" message="expected [Incorrect email or password.] but found [Incorrect email  password.]">
      <![CDATA[java.lang.AssertionError: expected [Incorrect email or password.] but found [Incorrect email  password.]
at WebAutomation.Test.ErrorValidation.loginScreenErrorValidation(ErrorValidation.java:42)
at java.base/java.util.ArrayList.forEach(ArrayList.java:1511)
at java.base/java.util.concurrent.FutureTask.run(FutureTask.java:317)
at java.base/java.util.concurrent.ThreadPoolExecutor.runWorker(ThreadPoolExecutor.java:1144)
at java.base/java.util.concurrent.ThreadPoolExecutor$Worker.run(ThreadPoolExecutor.java:642)
at java.base/java.lang.Thread.run(Thread.java:1623)
... Removed 21 stack frames]]>
    </failure>
  </testcase> <!-- loginScreenErrorValidation -->
  <testcase classname="WebAutomation.Test.ErrorValidation" name="orderDetailsListConfirms" time="1.48"/>
</testsuite> <!-- Error validation -->
