<?xml version="1.0" encoding="UTF-8"?>
<!-- Generated by org.testng.reporters.JUnitXMLReporter -->
<testsuite ignored="0" hostname="apples-MacBook-Pro.local" failures="0" tests="3" name="StandAlone test" time="37.989" errors="0" timestamp="2024-02-26T14:45:46 IST">
  <testcase classname="WebAutomation.Test.StandAlonetest" name="submitOrder" time="5.95"/>
  <testcase classname="WebAutomation.Test.StandAlonetest" name="submitOrder" time="6.55"/>
  <testcase classname="WebAutomation.Test.StandAlonetest" name="orderHistoryTest" time="1.507"/>
</testsuite> <!-- StandAlone test -->
