<?xml version="1.0" encoding="UTF-8"?>
<!-- Generated by org.testng.reporters.JUnitXMLReporter -->
<testsuite ignored="0" hostname="apples-MacBook-Pro.local" failures="0" tests="3" name="Error validation" time="13.517" errors="0" timestamp="2024-02-27T00:13:35 IST">
  <testcase classname="WebAutomation.Test.ErrorValidation" name="ProductErrorValidation" time="3.041"/>
  <testcase classname="WebAutomation.Test.ErrorValidation" name="loginScreenErrorValidation" time="1.003"/>
  <testcase classname="WebAutomation.Test.ErrorValidation" name="orderDetailsListConfirms" time="0.713"/>
</testsuite> <!-- Error validation -->
