<?xml version="1.0" encoding="UTF-8"?>
<!-- Generated by org.testng.reporters.JUnitXMLReporter -->
<testsuite ignored="0" hostname="apples-MacBook-Pro.local" failures="0" tests="3" name="StandAlone test" time="19.2" errors="0" timestamp="2024-02-27T00:13:40 IST">
  <testcase classname="WebAutomation.Test.StandAlonetest" name="submitOrder" time="4.663"/>
  <testcase classname="WebAutomation.Test.StandAlonetest" name="submitOrder" time="4.703"/>
  <testcase classname="WebAutomation.Test.StandAlonetest" name="orderHistoryTest" time="0.688"/>
</testsuite> <!-- StandAlone test -->
