<?xml version="1.0" encoding="UTF-8"?>
<testsuite xmlns:xsi="http://www.w3.org/2001/XMLSchema-instance" xsi:noNamespaceSchemaLocation="https://maven.apache.org/surefire/maven-surefire-plugin/xsd/surefire-test-report-3.0.xsd" version="3.0" name="TestSuite" time="19.821" tests="6" errors="0" skipped="0" failures="0">
  <properties>
[...]
</properties>
  <testcase name="ProductErrorValidation" classname="WebAutomation.Test.ErrorValidation" time="2.584">
    <system-out><![CDATA[Login Successfully
Login Successfully
Product Added To Cart
]]></system-out>
    <system-err><![CDATA[SLF4J(W): No SLF4J providers were found.
SLF4J(W): Defaulting to no-operation (NOP) logger implementation
SLF4J(W): See https://www.slf4j.org/codes.html#noProviders for further details.
]]></system-err>
  </testcase>
  <testcase name="loginScreenErrorValidation" classname="WebAutomation.Test.ErrorValidation" time="1.003">
    <system-out><![CDATA[Incorrect email or password.
]]></system-out>
  </testcase>
  <testcase name="orderDetailsListConfirms" classname="WebAutomation.Test.ErrorValidation" time="0.712">
    <system-out><![CDATA[Login Successfully
]]></system-out>
  </testcase>
  <testcase name="submitOrder[anithvc@gmail.com, I143you@, ZARA COAT 3](1)" classname="WebAutomation.Test.StandAlonetest" time="4.664">
    <system-out><![CDATA[Product Added To Cart
]]></system-out>
  </testcase>
  <testcase name="submitOrder[shetty@gmail.com, Iamking@000, ADIDAS ORIGINAL](2)" classname="WebAutomation.Test.StandAlonetest" time="3.215">
    <system-out><![CDATA[Product Added To Cart
]]></system-out>
  </testcase>
  <testcase name="orderHistoryTest" classname="WebAutomation.Test.StandAlonetest" time="0.686"/>
</testsuite>