<?xml version="1.0" encoding="UTF-8"?>
<testng-results ignored="0" total="6" passed="6" failed="0" skipped="0">
  <reporter-output>
  </reporter-output>
  <suite started-at="2024-02-27T00:13:21 IST" name="Suite" finished-at="2024-02-27T00:13:40 IST" duration-ms="19200">
    <groups>
      <group name="PurchaseOrder">
        <method signature="ErrorValidation.loginScreenErrorValidation()[pri:0, instance:WebAutomation.Test.ErrorValidation@4310d43]" name="loginScreenErrorValidation" class="WebAutomation.Test.ErrorValidation"/>
      </group> <!-- PurchaseOrder -->
    </groups>
    <test started-at="2024-02-27T00:13:21 IST" name="Error validation" finished-at="2024-02-27T00:13:34 IST" duration-ms="13517">
      <class name="WebAutomation.Test.ErrorValidation">
        <test-method is-config="true" signature="launchApplication()[pri:0, instance:WebAutomation.Test.ErrorValidation@4310d43]" started-at="2024-02-27T00:13:21 IST" name="launchApplication" finished-at="2024-02-27T00:13:24 IST" duration-ms="3501" status="PASS">
          <reporter-output>
          </reporter-output>
        </test-method> <!-- launchApplication -->
        <test-method signature="ProductErrorValidation()[pri:0, instance:WebAutomation.Test.ErrorValidation@4310d43]" started-at="2024-02-27T00:13:24 IST" name="ProductErrorValidation" finished-at="2024-02-27T00:13:27 IST" duration-ms="3041" status="PASS">
          <reporter-output>
          </reporter-output>
        </test-method> <!-- ProductErrorValidation -->
        <test-method is-config="true" signature="tearDown()[pri:0, instance:WebAutomation.Test.ErrorValidation@4310d43]" started-at="2024-02-27T00:13:27 IST" name="tearDown" finished-at="2024-02-27T00:13:27 IST" duration-ms="74" status="PASS">
          <reporter-output>
          </reporter-output>
        </test-method> <!-- tearDown -->
        <test-method is-config="true" signature="launchApplication()[pri:0, instance:WebAutomation.Test.ErrorValidation@4310d43]" started-at="2024-02-27T00:13:27 IST" name="launchApplication" finished-at="2024-02-27T00:13:30 IST" duration-ms="2678" status="PASS">
          <reporter-output>
          </reporter-output>
        </test-method> <!-- launchApplication -->
        <test-method signature="loginScreenErrorValidation()[pri:0, instance:WebAutomation.Test.ErrorValidation@4310d43]" started-at="2024-02-27T00:13:30 IST" name="loginScreenErrorValidation" finished-at="2024-02-27T00:13:31 IST" duration-ms="1003" status="PASS">
          <reporter-output>
          </reporter-output>
        </test-method> <!-- loginScreenErrorValidation -->
        <test-method is-config="true" signature="tearDown()[pri:0, instance:WebAutomation.Test.ErrorValidation@4310d43]" started-at="2024-02-27T00:13:31 IST" name="tearDown" finished-at="2024-02-27T00:13:31 IST" duration-ms="61" status="PASS">
          <reporter-output>
          </reporter-output>
        </test-method> <!-- tearDown -->
        <test-method is-config="true" signature="launchApplication()[pri:0, instance:WebAutomation.Test.ErrorValidation@4310d43]" started-at="2024-02-27T00:13:31 IST" name="launchApplication" finished-at="2024-02-27T00:13:33 IST" duration-ms="2344" status="PASS">
          <reporter-output>
          </reporter-output>
        </test-method> <!-- launchApplication -->
        <test-method signature="orderDetailsListConfirms()[pri:0, instance:WebAutomation.Test.ErrorValidation@4310d43]" started-at="2024-02-27T00:13:33 IST" name="orderDetailsListConfirms" finished-at="2024-02-27T00:13:34 IST" duration-ms="713" status="PASS">
          <reporter-output>
          </reporter-output>
        </test-method> <!-- orderDetailsListConfirms -->
        <test-method is-config="true" signature="tearDown()[pri:0, instance:WebAutomation.Test.ErrorValidation@4310d43]" started-at="2024-02-27T00:13:34 IST" name="tearDown" finished-at="2024-02-27T00:13:34 IST" duration-ms="63" status="PASS">
          <reporter-output>
          </reporter-output>
        </test-method> <!-- tearDown -->
      </class> <!-- WebAutomation.Test.ErrorValidation -->
    </test> <!-- Error validation -->
    <test started-at="2024-02-27T00:13:21 IST" name="StandAlone test" finished-at="2024-02-27T00:13:40 IST" duration-ms="19200">
      <class name="WebAutomation.Test.StandAlonetest">
        <test-method is-config="true" signature="launchApplication()[pri:0, instance:WebAutomation.Test.StandAlonetest@793f29ff]" started-at="2024-02-27T00:13:21 IST" name="launchApplication" finished-at="2024-02-27T00:13:25 IST" duration-ms="3965" status="PASS">
          <reporter-output>
          </reporter-output>
        </test-method> <!-- launchApplication -->
        <test-method signature="submitOrder(java.lang.String,java.lang.String,java.lang.String)[pri:0, instance:WebAutomation.Test.StandAlonetest@793f29ff]" started-at="2024-02-27T00:13:25 IST" name="submitOrder" data-provider="getData" finished-at="2024-02-27T00:13:29 IST" duration-ms="4663" status="PASS">
          <params>
            <param index="0">
              <value>
                <![CDATA[anithvc@gmail.com]]>
              </value>
            </param>
            <param index="1">
              <value>
                <![CDATA[I143you@]]>
              </value>
            </param>
            <param index="2">
              <value>
                <![CDATA[ZARA COAT 3]]>
              </value>
            </param>
          </params>
          <reporter-output>
          </reporter-output>
        </test-method> <!-- submitOrder -->
        <test-method is-config="true" signature="tearDown()[pri:0, instance:WebAutomation.Test.StandAlonetest@793f29ff]" started-at="2024-02-27T00:13:29 IST" name="tearDown" finished-at="2024-02-27T00:13:29 IST" duration-ms="61" status="PASS">
          <reporter-output>
          </reporter-output>
        </test-method> <!-- tearDown -->
        <test-method is-config="true" signature="launchApplication()[pri:0, instance:WebAutomation.Test.StandAlonetest@793f29ff]" started-at="2024-02-27T00:13:29 IST" name="launchApplication" finished-at="2024-02-27T00:13:32 IST" duration-ms="2535" status="PASS">
          <reporter-output>
          </reporter-output>
        </test-method> <!-- launchApplication -->
        <test-method signature="submitOrder(java.lang.String,java.lang.String,java.lang.String)[pri:0, instance:WebAutomation.Test.StandAlonetest@793f29ff]" started-at="2024-02-27T00:13:32 IST" name="submitOrder" data-provider="getData" finished-at="2024-02-27T00:13:37 IST" duration-ms="4703" status="PASS">
          <params>
            <param index="0">
              <value>
                <![CDATA[shetty@gmail.com]]>
              </value>
            </param>
            <param index="1">
              <value>
                <![CDATA[Iamking@000]]>
              </value>
            </param>
            <param index="2">
              <value>
                <![CDATA[ADIDAS ORIGINAL]]>
              </value>
            </param>
          </params>
          <reporter-output>
          </reporter-output>
        </test-method> <!-- submitOrder -->
        <test-method is-config="true" signature="tearDown()[pri:0, instance:WebAutomation.Test.StandAlonetest@793f29ff]" started-at="2024-02-27T00:13:37 IST" name="tearDown" finished-at="2024-02-27T00:13:37 IST" duration-ms="61" status="PASS">
          <reporter-output>
          </reporter-output>
        </test-method> <!-- tearDown -->
        <test-method is-config="true" signature="launchApplication()[pri:0, instance:WebAutomation.Test.StandAlonetest@793f29ff]" started-at="2024-02-27T00:13:37 IST" name="launchApplication" finished-at="2024-02-27T00:13:39 IST" duration-ms="2429" status="PASS">
          <reporter-output>
          </reporter-output>
        </test-method> <!-- launchApplication -->
        <test-method signature="orderHistoryTest()[pri:0, instance:WebAutomation.Test.StandAlonetest@793f29ff]" started-at="2024-02-27T00:13:39 IST" name="orderHistoryTest" finished-at="2024-02-27T00:13:40 IST" depends-on-methods="WebAutomation.Test.StandAlonetest.submitOrder" duration-ms="688" status="PASS">
          <reporter-output>
          </reporter-output>
        </test-method> <!-- orderHistoryTest -->
        <test-method is-config="true" signature="tearDown()[pri:0, instance:WebAutomation.Test.StandAlonetest@793f29ff]" started-at="2024-02-27T00:13:40 IST" name="tearDown" finished-at="2024-02-27T00:13:40 IST" duration-ms="62" status="PASS">
          <reporter-output>
          </reporter-output>
        </test-method> <!-- tearDown -->
      </class> <!-- WebAutomation.Test.StandAlonetest -->
    </test> <!-- StandAlone test -->
  </suite> <!-- Suite -->
</testng-results>
