<?xml version="1.0" encoding="UTF-8"?>
<testng-results ignored="0" total="4" passed="4" failed="0" skipped="0">
  <reporter-output>
  </reporter-output>
  <suite started-at="2024-03-14T15:50:13 IST" name="Default suite" finished-at="2024-03-14T15:50:34 IST" duration-ms="20821">
    <groups>
      <group name="PurchaseOrder">
        <method signature="ErrorValidation.loginScreenErrorValidation()[pri:0, instance:WebAutomation.Test.ErrorValidation@74e52303]" name="loginScreenErrorValidation" class="WebAutomation.Test.ErrorValidation"/>
      </group> <!-- PurchaseOrder -->
    </groups>
    <test started-at="2024-03-14T15:50:13 IST" name="Default test" finished-at="2024-03-14T15:50:34 IST" duration-ms="20821">
      <class name="WebAutomation.Test.ErrorValidation">
        <test-method is-config="true" signature="launchApplication()[pri:0, instance:WebAutomation.Test.ErrorValidation@74e52303]" started-at="2024-03-14T15:50:13 IST" name="launchApplication" finished-at="2024-03-14T15:50:18 IST" duration-ms="5183" status="PASS">
          <reporter-output>
          </reporter-output>
        </test-method> <!-- launchApplication -->
        <test-method signature="ProductErrorValidation()[pri:0, instance:WebAutomation.Test.ErrorValidation@74e52303]" started-at="2024-03-14T15:50:18 IST" name="ProductErrorValidation" finished-at="2024-03-14T15:50:21 IST" duration-ms="2951" status="PASS">
          <reporter-output>
          </reporter-output>
        </test-method> <!-- ProductErrorValidation -->
        <test-method is-config="true" signature="tearDown()[pri:0, instance:WebAutomation.Test.ErrorValidation@74e52303]" started-at="2024-03-14T15:50:21 IST" name="tearDown" finished-at="2024-03-14T15:50:21 IST" duration-ms="141" status="PASS">
          <reporter-output>
          </reporter-output>
        </test-method> <!-- tearDown -->
        <test-method is-config="true" signature="launchApplication()[pri:0, instance:WebAutomation.Test.ErrorValidation@74e52303]" started-at="2024-03-14T15:50:21 IST" name="launchApplication" finished-at="2024-03-14T15:50:25 IST" duration-ms="3272" status="PASS">
          <reporter-output>
          </reporter-output>
        </test-method> <!-- launchApplication -->
        <test-method signature="confirmOrderDetail()[pri:0, instance:WebAutomation.Test.ErrorValidation@74e52303]" started-at="2024-03-14T15:50:25 IST" name="confirmOrderDetail" finished-at="2024-03-14T15:50:26 IST" duration-ms="1365" status="PASS">
          <reporter-output>
          </reporter-output>
        </test-method> <!-- confirmOrderDetail -->
        <test-method is-config="true" signature="tearDown()[pri:0, instance:WebAutomation.Test.ErrorValidation@74e52303]" started-at="2024-03-14T15:50:26 IST" name="tearDown" finished-at="2024-03-14T15:50:26 IST" duration-ms="74" status="PASS">
          <reporter-output>
          </reporter-output>
        </test-method> <!-- tearDown -->
        <test-method is-config="true" signature="launchApplication()[pri:0, instance:WebAutomation.Test.ErrorValidation@74e52303]" started-at="2024-03-14T15:50:26 IST" name="launchApplication" finished-at="2024-03-14T15:50:29 IST" duration-ms="3105" status="PASS">
          <reporter-output>
          </reporter-output>
        </test-method> <!-- launchApplication -->
        <test-method signature="loginScreenErrorValidation()[pri:0, instance:WebAutomation.Test.ErrorValidation@74e52303]" started-at="2024-03-14T15:50:29 IST" name="loginScreenErrorValidation" finished-at="2024-03-14T15:50:30 IST" duration-ms="508" status="PASS">
          <reporter-output>
          </reporter-output>
        </test-method> <!-- loginScreenErrorValidation -->
        <test-method is-config="true" signature="tearDown()[pri:0, instance:WebAutomation.Test.ErrorValidation@74e52303]" started-at="2024-03-14T15:50:30 IST" name="tearDown" finished-at="2024-03-14T15:50:30 IST" duration-ms="217" status="PASS">
          <reporter-output>
          </reporter-output>
        </test-method> <!-- tearDown -->
        <test-method is-config="true" signature="launchApplication()[pri:0, instance:WebAutomation.Test.ErrorValidation@74e52303]" started-at="2024-03-14T15:50:30 IST" name="launchApplication" finished-at="2024-03-14T15:50:32 IST" duration-ms="2375" status="PASS">
          <reporter-output>
          </reporter-output>
        </test-method> <!-- launchApplication -->
        <test-method signature="orderDetailsListConfirms()[pri:0, instance:WebAutomation.Test.ErrorValidation@74e52303]" started-at="2024-03-14T15:50:32 IST" name="orderDetailsListConfirms" finished-at="2024-03-14T15:50:34 IST" duration-ms="1365" status="PASS">
          <reporter-output>
          </reporter-output>
        </test-method> <!-- orderDetailsListConfirms -->
        <test-method is-config="true" signature="tearDown()[pri:0, instance:WebAutomation.Test.ErrorValidation@74e52303]" started-at="2024-03-14T15:50:34 IST" name="tearDown" finished-at="2024-03-14T15:50:34 IST" duration-ms="218" status="PASS">
          <reporter-output>
          </reporter-output>
        </test-method> <!-- tearDown -->
      </class> <!-- WebAutomation.Test.ErrorValidation -->
    </test> <!-- Default test -->
  </suite> <!-- Default suite -->
</testng-results>
